<?xml version="1.0" encoding="UTF-8"?>
<!-- Generated by org.testng.reporters.JUnitReportReporter -->
<testsuite hostname="Ravis-MacBook-Pro.local" failures="0" tests="2" name="com.mcms.selenium.TestWebApp" time="18.171" errors="0" timestamp="2021-04-08T21:15:47 IST" skipped="0">
  <testcase classname="com.mcms.selenium.TestWebApp" name="test_Selenium_First" time="8.943"/>
  <system-out/>
  <testcase classname="com.mcms.selenium.TestWebApp" name="test_Selenium_Second" time="9.228"/>
  <system-out/>
</testsuite> <!-- com.mcms.selenium.TestWebApp -->
